<?xml version="1.0" encoding="UTF-8"?>
<!-- Generated by org.testng.reporters.JUnitReportReporter -->
<testsuite hostname="DESKTOP-RGJHHO9" failures="0" tests="1" name="com.lti.testcases.LoginTest" time="0.322" errors="0" timestamp="2023-07-15T23:54:54 IST" skipped="0">
  <testcase classname="com.lti.testcases.LoginTest" name="bankManagerLogin" time="0.322"/>
  <system-out>
    <![CDATA[<a target="_blank" href="C:\Users\Amir\eclipse-workspace\SafwanDataDriven\src\test\resources\screenshot\error.jpg">Screenshot</a> ]]>
  </system-out>
</testsuite> <!-- com.lti.testcases.LoginTest -->
